Removed Pin From Net: NetName=GND_STM Pin=C25-1
Removed Pin From Net: NetName=GND_STM Pin=C26-1
Removed Pin From Net: NetName=GND_STM Pin=C27-1
Removed Pin From Net: NetName=GND_STM Pin=C28-1
Removed Pin From Net: NetName=GND_STM Pin=C29-1
Removed Pin From Net: NetName=GND_STM Pin=C30-1
Removed Pin From Net: NetName=GND_STM Pin=C31-1
Removed Pin From Net: NetName=GND_STM Pin=C32-1
Removed Pin From Net: NetName=GND_STM Pin=C33-1
Removed Pin From Net: NetName=GND_STM Pin=C34-2
Removed Pin From Net: NetName=GND_STM Pin=C35-2
Removed Pin From Net: NetName=GND_STM Pin=C36-1
Removed Pin From Net: NetName=GND_STM Pin=C39-1
Removed Pin From Net: NetName=GND_STM Pin=C40-1
Removed Pin From Net: NetName=GND_STM Pin=C41-1
Removed Pin From Net: NetName=GND_STM Pin=C42-1
Removed Pin From Net: NetName=GND_STM Pin=C43-1
Removed Pin From Net: NetName=GND_STM Pin=C45-1
Removed Pin From Net: NetName=GND_STM Pin=C46-1
Removed Pin From Net: NetName=GND_STM Pin=C47-1
Removed Pin From Net: NetName=GND_STM Pin=C48-2
Removed Pin From Net: NetName=GND_STM Pin=C49-1
Removed Pin From Net: NetName=GND_STM Pin=C50-1
Removed Pin From Net: NetName=GND_STM Pin=C54-1
Removed Pin From Net: NetName=GND_STM Pin=C55-1
Removed Pin From Net: NetName=GND_STM Pin=C56-1
Removed Pin From Net: NetName=GND_STM Pin=C57-1
Removed Pin From Net: NetName=GND_STM Pin=D2-1
Removed Pin From Net: NetName=GND_STM Pin=R44-1
Removed Pin From Net: NetName=GND_STM Pin=R50-1
Removed Pin From Net: NetName=GND_STM Pin=R51-1
Removed Pin From Net: NetName=GND_STM Pin=R52-2
Removed Pin From Net: NetName=GND_STM Pin=R54-2
Removed Pin From Net: NetName=GND_STM Pin=R55-2
Removed Pin From Net: NetName=GND_STM Pin=R79-1
Removed Pin From Net: NetName=GND_STM Pin=R86-1
Removed Pin From Net: NetName=GND_STM Pin=U2-28
Removed Pin From Net: NetName=GND_STM Pin=U2-30
Removed Pin From Net: NetName=GND_STM Pin=U2-31
Removed Pin From Net: NetName=GND_STM Pin=U2-32
Removed Pin From Net: NetName=GND_STM Pin=U2-57
Removed Pin From Net: NetName=GND_STM Pin=U5-1
Added Component: Designator=DNI1(2012[0805])
Added Pin To Net: NetName=GND_STM Pin=DNI1-1
Added Pin To Net: NetName=PGND Pin=C25-1
Added Pin To Net: NetName=PGND Pin=C26-1
Added Pin To Net: NetName=PGND Pin=C27-1
Added Pin To Net: NetName=PGND Pin=C28-1
Added Pin To Net: NetName=PGND Pin=C29-1
Added Pin To Net: NetName=PGND Pin=C30-1
Added Pin To Net: NetName=PGND Pin=C31-1
Added Pin To Net: NetName=PGND Pin=C32-1
Added Pin To Net: NetName=PGND Pin=C33-1
Added Pin To Net: NetName=PGND Pin=C34-2
Added Pin To Net: NetName=PGND Pin=C35-2
Added Pin To Net: NetName=PGND Pin=C36-1
Added Pin To Net: NetName=PGND Pin=C39-1
Added Pin To Net: NetName=PGND Pin=C40-1
Added Pin To Net: NetName=PGND Pin=C41-1
Added Pin To Net: NetName=PGND Pin=C42-1
Added Pin To Net: NetName=PGND Pin=C43-1
Added Pin To Net: NetName=PGND Pin=C45-1
Added Pin To Net: NetName=PGND Pin=C46-1
Added Pin To Net: NetName=PGND Pin=C47-1
Added Pin To Net: NetName=PGND Pin=C48-2
Added Pin To Net: NetName=PGND Pin=C49-1
Added Pin To Net: NetName=PGND Pin=C50-1
Added Pin To Net: NetName=PGND Pin=C54-1
Added Pin To Net: NetName=PGND Pin=C55-1
Added Pin To Net: NetName=PGND Pin=C56-1
Added Pin To Net: NetName=PGND Pin=C57-1
Added Pin To Net: NetName=PGND Pin=D2-1
Added Pin To Net: NetName=PGND Pin=DNI1-2
Added Pin To Net: NetName=PGND Pin=R44-1
Added Pin To Net: NetName=PGND Pin=R50-1
Added Pin To Net: NetName=PGND Pin=R51-1
Added Pin To Net: NetName=PGND Pin=R52-2
Added Pin To Net: NetName=PGND Pin=R54-2
Added Pin To Net: NetName=PGND Pin=R55-2
Added Pin To Net: NetName=PGND Pin=R79-1
Added Pin To Net: NetName=PGND Pin=R86-1
Added Pin To Net: NetName=PGND Pin=U2-28
Added Pin To Net: NetName=PGND Pin=U2-30
Added Pin To Net: NetName=PGND Pin=U2-31
Added Pin To Net: NetName=PGND Pin=U2-32
Added Pin To Net: NetName=PGND Pin=U2-57
Added Pin To Net: NetName=PGND Pin=U5-1
Added Net: Name=PGND
Added Member To Class: ClassName=STM32_Microcontroller Member=Component DNI1 DNI
