Added Pin To Net: NetName=NetR51_2 Pin=U2-1
Added Pin To Net: NetName=NetC36_2 Pin=U2-2
Added Pin To Net: NetName=NetR52_1 Pin=U2-3
Added Pin To Net: NetName=NetLED3_2 Pin=U2-4
Added Pin To Net: NetName=NetLED4_2 Pin=U2-5
Added Pin To Net: NetName=NetLED5_2 Pin=U2-6
Added Pin To Net: NetName=NetR50_2 Pin=U2-7
Added Pin To Net: NetName=NetU1_81 Pin=U2-8
Added Pin To Net: NetName=NetU1_82 Pin=U2-9
Added Pin To Net: NetName=NetU1_83 Pin=U2-10
Added Pin To Net: NetName=NetR44_2 Pin=U2-11
Added Pin To Net: NetName=NetU1_84 Pin=U2-12
Added Pin To Net: NetName=NetC34_1 Pin=U2-13
Added Pin To Net: NetName=NetC38_2 Pin=U2-14
Added Pin To Net: NetName=NetC38_1 Pin=U2-15
Added Pin To Net: NetName=EN_GATE Pin=U2-16
Added Pin To Net: NetName=INP1 Pin=U2-17
Added Pin To Net: NetName=INN2 Pin=U2-18
Added Pin To Net: NetName=INN1 Pin=U2-19
Added Pin To Net: NetName=INP3 Pin=U2-20
Added Pin To Net: NetName=INP2 Pin=U2-21
Added Pin To Net: NetName=INN3 Pin=U2-22
Added Pin To Net: NetName=NetC30_2 Pin=U2-23
Added Pin To Net: NetName=3V3_IRFS Pin=U2-24
Added Pin To Net: NetName=NetU1_30 Pin=U2-25
Added Pin To Net: NetName=NetU1_38 Pin=U2-26
Added Pin To Net: NetName=NetC46_2 Pin=U2-27
Added Pin To Net: NetName=GND_STM Pin=U2-28
Added Pin To Net: NetName=NetC47_2 Pin=U2-29
Added Pin To Net: NetName=GND_STM Pin=U2-30
Added Pin To Net: NetName=GND_STM Pin=U2-31
Added Pin To Net: NetName=GND_STM Pin=U2-32
Added Pin To Net: NetName=NetC56_2 Pin=U2-33
Added Pin To Net: NetName=NetQ2_3 Pin=U2-34
Added Pin To Net: NetName=NetR75_1 Pin=U2-35
Added Pin To Net: NetName=NetBLDC1_2 Pin=U2-36
Added Pin To Net: NetName=NetR77_1 Pin=U2-37
Added Pin To Net: NetName=NetC53_1 Pin=U2-38
Added Pin To Net: NetName=NetQ2_3 Pin=U2-39
Added Pin To Net: NetName=NetR80_1 Pin=U2-40
Added Pin To Net: NetName=NetBLDC1_3 Pin=U2-41
Added Pin To Net: NetName=NetR81_1 Pin=U2-42
Added Pin To Net: NetName=NetC52_1 Pin=U2-43
Added Pin To Net: NetName=NetQ2_3 Pin=U2-44
Added Pin To Net: NetName=NetR71_1 Pin=U2-45
Added Pin To Net: NetName=NetBLDC1_1 Pin=U2-46
Added Pin To Net: NetName=NetR72_1 Pin=U2-47
Added Pin To Net: NetName=NetC51_1 Pin=U2-48
Added Pin To Net: NetName=NetR55_1 Pin=U2-49
Added Pin To Net: NetName=NetC44_2 Pin=U2-50
Added Pin To Net: NetName=NetC44_2 Pin=U2-51
Added Pin To Net: NetName=NetC44_1 Pin=U2-52
Added Pin To Net: NetName=VDD_IRFS Pin=U2-53
Added Pin To Net: NetName=VDD_IRFS Pin=U2-54
Added Pin To Net: NetName=NetR54_1 Pin=U2-55
Added Pin To Net: NetName=NetC43_2 Pin=U2-56
Added Pin To Net: NetName=GND_STM Pin=U2-57
Added Member To Class: ClassName=IRFS7530_Driver Member=Component U2 DRV8302
